<?xml version="1.0" encoding="UTF-8"?>
<testsuite name="Test" tests="2" skipped="0" failures="0" errors="0" timestamp="2024-03-01T23:31:39" hostname="NELAPTOP" time="1.087">
  <properties/>
  <testcase name="utilObjectConstValuesTest()" classname="Test" time="0.116"/>
  <testcase name="utilObjectTestClassTest()" classname="Test" time="0.969"/>
  <system-out><![CDATA[]]></system-out>
  <system-err><![CDATA[]]></system-err>
</testsuite>
